2021-04-12 15:43:28,231 INFO 40197 [Timer] /gitHub/lian/apr/node_modules/egg-multipart/app/schedule/clean_tmpdir.js next time will execute after 45991772ms at 2021-04-13 04:30:00.003
2021-04-12 15:43:28,231 INFO 40197 [Timer] /gitHub/lian/apr/node_modules/egg-logrotator/app/schedule/clean_log.js next time will execute after 29791769ms at 2021-04-13 00:00:00.000
2021-04-12 15:43:28,231 INFO 40197 [Timer] /gitHub/lian/apr/node_modules/egg-logrotator/app/schedule/rotate_by_file.js next time will execute after 29792769ms at 2021-04-13 00:00:01.000
2021-04-12 15:43:28,078 INFO 40198 [egg-schedule]: register schedule /gitHub/lian/apr/node_modules/egg-multipart/app/schedule/clean_tmpdir.js
2021-04-12 15:43:28,078 INFO 40198 [egg-schedule]: register schedule /gitHub/lian/apr/node_modules/egg-logrotator/app/schedule/clean_log.js
2021-04-12 15:43:28,078 INFO 40198 [egg-schedule]: register schedule /gitHub/lian/apr/node_modules/egg-logrotator/app/schedule/rotate_by_file.js
2021-04-12 15:45:51,566 INFO 40321 [Timer] /gitHub/lian/apr/node_modules/egg-multipart/app/schedule/clean_tmpdir.js next time will execute after 45848436ms at 2021-04-13 04:30:00.002
2021-04-12 15:45:51,567 INFO 40321 [Timer] /gitHub/lian/apr/node_modules/egg-logrotator/app/schedule/clean_log.js next time will execute after 29648434ms at 2021-04-13 00:00:00.001
2021-04-12 15:45:51,567 INFO 40321 [Timer] /gitHub/lian/apr/node_modules/egg-logrotator/app/schedule/rotate_by_file.js next time will execute after 29649433ms at 2021-04-13 00:00:01.000
2021-04-12 15:45:51,484 INFO 40322 [egg-schedule]: register schedule /gitHub/lian/apr/node_modules/egg-multipart/app/schedule/clean_tmpdir.js
2021-04-12 15:45:51,484 INFO 40322 [egg-schedule]: register schedule /gitHub/lian/apr/node_modules/egg-logrotator/app/schedule/clean_log.js
2021-04-12 15:45:51,484 INFO 40322 [egg-schedule]: register schedule /gitHub/lian/apr/node_modules/egg-logrotator/app/schedule/rotate_by_file.js
2021-04-12 15:47:07,479 INFO 40385 [egg-schedule]: register schedule /gitHub/lian/apr/node_modules/egg-multipart/app/schedule/clean_tmpdir.js
2021-04-12 15:47:07,479 INFO 40385 [egg-schedule]: register schedule /gitHub/lian/apr/node_modules/egg-logrotator/app/schedule/clean_log.js
2021-04-12 15:47:07,479 INFO 40385 [egg-schedule]: register schedule /gitHub/lian/apr/node_modules/egg-logrotator/app/schedule/rotate_by_file.js
2021-04-12 15:47:57,586 INFO 40411 [egg-schedule]: register schedule /gitHub/lian/apr/node_modules/egg-multipart/app/schedule/clean_tmpdir.js
2021-04-12 15:47:57,586 INFO 40411 [egg-schedule]: register schedule /gitHub/lian/apr/node_modules/egg-logrotator/app/schedule/clean_log.js
2021-04-12 15:47:57,586 INFO 40411 [egg-schedule]: register schedule /gitHub/lian/apr/node_modules/egg-logrotator/app/schedule/rotate_by_file.js
2021-04-12 15:49:30,199 INFO 40445 [egg-schedule]: register schedule /gitHub/lian/apr/node_modules/egg-multipart/app/schedule/clean_tmpdir.js
2021-04-12 15:49:30,199 INFO 40445 [egg-schedule]: register schedule /gitHub/lian/apr/node_modules/egg-logrotator/app/schedule/clean_log.js
2021-04-12 15:49:30,199 INFO 40445 [egg-schedule]: register schedule /gitHub/lian/apr/node_modules/egg-logrotator/app/schedule/rotate_by_file.js
2021-04-12 15:53:38,349 INFO 40581 [egg-schedule]: register schedule /gitHub/lian/apr/node_modules/egg-multipart/app/schedule/clean_tmpdir.js
2021-04-12 15:53:38,349 INFO 40581 [egg-schedule]: register schedule /gitHub/lian/apr/node_modules/egg-logrotator/app/schedule/clean_log.js
2021-04-12 15:53:38,349 INFO 40581 [egg-schedule]: register schedule /gitHub/lian/apr/node_modules/egg-logrotator/app/schedule/rotate_by_file.js
2021-04-12 15:53:38,971 INFO 40582 [egg-schedule]: register schedule /gitHub/lian/apr/node_modules/egg-multipart/app/schedule/clean_tmpdir.js
2021-04-12 15:53:38,971 INFO 40582 [egg-schedule]: register schedule /gitHub/lian/apr/node_modules/egg-logrotator/app/schedule/clean_log.js
2021-04-12 15:53:38,971 INFO 40582 [egg-schedule]: register schedule /gitHub/lian/apr/node_modules/egg-logrotator/app/schedule/rotate_by_file.js
2021-04-12 15:53:39,997 INFO 40585 [egg-schedule]: register schedule /gitHub/lian/apr/node_modules/egg-multipart/app/schedule/clean_tmpdir.js
2021-04-12 15:53:39,997 INFO 40585 [egg-schedule]: register schedule /gitHub/lian/apr/node_modules/egg-logrotator/app/schedule/clean_log.js
2021-04-12 15:53:39,997 INFO 40585 [egg-schedule]: register schedule /gitHub/lian/apr/node_modules/egg-logrotator/app/schedule/rotate_by_file.js
2021-04-12 15:53:41,191 INFO 40586 [egg-schedule]: register schedule /gitHub/lian/apr/node_modules/egg-multipart/app/schedule/clean_tmpdir.js
2021-04-12 15:53:41,191 INFO 40586 [egg-schedule]: register schedule /gitHub/lian/apr/node_modules/egg-logrotator/app/schedule/clean_log.js
2021-04-12 15:53:41,191 INFO 40586 [egg-schedule]: register schedule /gitHub/lian/apr/node_modules/egg-logrotator/app/schedule/rotate_by_file.js
2021-04-12 15:53:43,725 INFO 40594 [egg-schedule]: register schedule /gitHub/lian/apr/node_modules/egg-multipart/app/schedule/clean_tmpdir.js
2021-04-12 15:53:43,725 INFO 40594 [egg-schedule]: register schedule /gitHub/lian/apr/node_modules/egg-logrotator/app/schedule/clean_log.js
2021-04-12 15:53:43,725 INFO 40594 [egg-schedule]: register schedule /gitHub/lian/apr/node_modules/egg-logrotator/app/schedule/rotate_by_file.js
2021-04-12 15:54:01,091 INFO 40603 [egg-schedule]: register schedule /gitHub/lian/apr/node_modules/egg-multipart/app/schedule/clean_tmpdir.js
2021-04-12 15:54:01,091 INFO 40603 [egg-schedule]: register schedule /gitHub/lian/apr/node_modules/egg-logrotator/app/schedule/clean_log.js
2021-04-12 15:54:01,091 INFO 40603 [egg-schedule]: register schedule /gitHub/lian/apr/node_modules/egg-logrotator/app/schedule/rotate_by_file.js
2021-04-12 15:54:02,568 INFO 40604 [egg-schedule]: register schedule /gitHub/lian/apr/node_modules/egg-multipart/app/schedule/clean_tmpdir.js
2021-04-12 15:54:02,568 INFO 40604 [egg-schedule]: register schedule /gitHub/lian/apr/node_modules/egg-logrotator/app/schedule/clean_log.js
2021-04-12 15:54:02,568 INFO 40604 [egg-schedule]: register schedule /gitHub/lian/apr/node_modules/egg-logrotator/app/schedule/rotate_by_file.js
2021-04-12 15:54:45,050 INFO 40625 [egg-schedule]: register schedule /gitHub/lian/apr/node_modules/egg-multipart/app/schedule/clean_tmpdir.js
2021-04-12 15:54:45,050 INFO 40625 [egg-schedule]: register schedule /gitHub/lian/apr/node_modules/egg-logrotator/app/schedule/clean_log.js
2021-04-12 15:54:45,050 INFO 40625 [egg-schedule]: register schedule /gitHub/lian/apr/node_modules/egg-logrotator/app/schedule/rotate_by_file.js
2021-04-12 16:00:41,901 INFO 40973 [Timer] /gitHub/lian/apr/node_modules/egg-multipart/app/schedule/clean_tmpdir.js next time will execute after 44958103ms at 2021-04-13 04:30:00.004
2021-04-12 16:00:41,901 INFO 40973 [Timer] /gitHub/lian/apr/node_modules/egg-logrotator/app/schedule/clean_log.js next time will execute after 28758099ms at 2021-04-13 00:00:00.000
2021-04-12 16:00:41,902 INFO 40973 [Timer] /gitHub/lian/apr/node_modules/egg-logrotator/app/schedule/rotate_by_file.js next time will execute after 28759099ms at 2021-04-13 00:00:01.001
2021-04-12 16:00:41,796 INFO 40974 [egg-schedule]: register schedule /gitHub/lian/apr/node_modules/egg-multipart/app/schedule/clean_tmpdir.js
2021-04-12 16:00:41,796 INFO 40974 [egg-schedule]: register schedule /gitHub/lian/apr/node_modules/egg-logrotator/app/schedule/clean_log.js
2021-04-12 16:00:41,796 INFO 40974 [egg-schedule]: register schedule /gitHub/lian/apr/node_modules/egg-logrotator/app/schedule/rotate_by_file.js
2021-04-12 16:06:43,422 INFO 41409 [Timer] /gitHub/lian/apr/node_modules/egg-multipart/app/schedule/clean_tmpdir.js next time will execute after 44596581ms at 2021-04-13 04:30:00.003
2021-04-12 16:06:43,423 INFO 41409 [Timer] /gitHub/lian/apr/node_modules/egg-logrotator/app/schedule/clean_log.js next time will execute after 28396577ms at 2021-04-13 00:00:00.000
2021-04-12 16:06:43,423 INFO 41409 [Timer] /gitHub/lian/apr/node_modules/egg-logrotator/app/schedule/rotate_by_file.js next time will execute after 28397577ms at 2021-04-13 00:00:01.000
2021-04-12 16:06:43,274 INFO 41413 [egg-schedule]: register schedule /gitHub/lian/apr/node_modules/egg-multipart/app/schedule/clean_tmpdir.js
2021-04-12 16:06:43,274 INFO 41413 [egg-schedule]: register schedule /gitHub/lian/apr/node_modules/egg-logrotator/app/schedule/clean_log.js
2021-04-12 16:06:43,274 INFO 41413 [egg-schedule]: register schedule /gitHub/lian/apr/node_modules/egg-logrotator/app/schedule/rotate_by_file.js
2021-04-12 16:16:28,899 INFO 41775 [Timer] /gitHub/lian/apr/node_modules/egg-multipart/app/schedule/clean_tmpdir.js next time will execute after 44011104ms at 2021-04-13 04:30:00.003
2021-04-12 16:16:28,899 INFO 41775 [Timer] /gitHub/lian/apr/node_modules/egg-logrotator/app/schedule/clean_log.js next time will execute after 27811101ms at 2021-04-13 00:00:00.000
2021-04-12 16:16:28,900 INFO 41775 [Timer] /gitHub/lian/apr/node_modules/egg-logrotator/app/schedule/rotate_by_file.js next time will execute after 27812100ms at 2021-04-13 00:00:01.000
2021-04-12 16:16:28,756 INFO 41776 [egg-schedule]: register schedule /gitHub/lian/apr/node_modules/egg-multipart/app/schedule/clean_tmpdir.js
2021-04-12 16:16:28,756 INFO 41776 [egg-schedule]: register schedule /gitHub/lian/apr/node_modules/egg-logrotator/app/schedule/clean_log.js
2021-04-12 16:16:28,756 INFO 41776 [egg-schedule]: register schedule /gitHub/lian/apr/node_modules/egg-logrotator/app/schedule/rotate_by_file.js
2021-04-12 16:27:33,823 INFO 42153 [Timer] /gitHub/lian/apr/node_modules/egg-multipart/app/schedule/clean_tmpdir.js next time will execute after 43346179ms at 2021-04-13 04:30:00.002
2021-04-12 16:27:33,824 INFO 42153 [Timer] /gitHub/lian/apr/node_modules/egg-logrotator/app/schedule/clean_log.js next time will execute after 27146177ms at 2021-04-13 00:00:00.000
2021-04-12 16:27:33,824 INFO 42153 [Timer] /gitHub/lian/apr/node_modules/egg-logrotator/app/schedule/rotate_by_file.js next time will execute after 27147176ms at 2021-04-13 00:00:01.000
2021-04-12 16:27:33,740 INFO 42154 [egg-schedule]: register schedule /gitHub/lian/apr/node_modules/egg-multipart/app/schedule/clean_tmpdir.js
2021-04-12 16:27:33,740 INFO 42154 [egg-schedule]: register schedule /gitHub/lian/apr/node_modules/egg-logrotator/app/schedule/clean_log.js
2021-04-12 16:27:33,740 INFO 42154 [egg-schedule]: register schedule /gitHub/lian/apr/node_modules/egg-logrotator/app/schedule/rotate_by_file.js
2021-04-12 16:37:16,455 INFO 42351 [egg-schedule]: register schedule /gitHub/lian/apr/node_modules/egg-multipart/app/schedule/clean_tmpdir.js
2021-04-12 16:37:16,455 INFO 42351 [egg-schedule]: register schedule /gitHub/lian/apr/node_modules/egg-logrotator/app/schedule/clean_log.js
2021-04-12 16:37:16,455 INFO 42351 [egg-schedule]: register schedule /gitHub/lian/apr/node_modules/egg-logrotator/app/schedule/rotate_by_file.js
2021-04-12 16:37:17,756 INFO 42361 [egg-schedule]: register schedule /gitHub/lian/apr/node_modules/egg-multipart/app/schedule/clean_tmpdir.js
2021-04-12 16:37:17,756 INFO 42361 [egg-schedule]: register schedule /gitHub/lian/apr/node_modules/egg-logrotator/app/schedule/clean_log.js
2021-04-12 16:37:17,756 INFO 42361 [egg-schedule]: register schedule /gitHub/lian/apr/node_modules/egg-logrotator/app/schedule/rotate_by_file.js
2021-04-12 16:37:17,132 INFO 42360 [egg-schedule]: register schedule /gitHub/lian/apr/node_modules/egg-multipart/app/schedule/clean_tmpdir.js
2021-04-12 16:37:17,132 INFO 42360 [egg-schedule]: register schedule /gitHub/lian/apr/node_modules/egg-logrotator/app/schedule/clean_log.js
2021-04-12 16:37:17,132 INFO 42360 [egg-schedule]: register schedule /gitHub/lian/apr/node_modules/egg-logrotator/app/schedule/rotate_by_file.js
2021-04-12 16:37:18,176 INFO 42362 [egg-schedule]: register schedule /gitHub/lian/apr/node_modules/egg-multipart/app/schedule/clean_tmpdir.js
2021-04-12 16:37:18,176 INFO 42362 [egg-schedule]: register schedule /gitHub/lian/apr/node_modules/egg-logrotator/app/schedule/clean_log.js
2021-04-12 16:37:18,176 INFO 42362 [egg-schedule]: register schedule /gitHub/lian/apr/node_modules/egg-logrotator/app/schedule/rotate_by_file.js
2021-04-12 16:38:02,729 INFO 42376 [egg-schedule]: register schedule /gitHub/lian/apr/node_modules/egg-multipart/app/schedule/clean_tmpdir.js
2021-04-12 16:38:02,729 INFO 42376 [egg-schedule]: register schedule /gitHub/lian/apr/node_modules/egg-logrotator/app/schedule/clean_log.js
2021-04-12 16:38:02,729 INFO 42376 [egg-schedule]: register schedule /gitHub/lian/apr/node_modules/egg-logrotator/app/schedule/rotate_by_file.js
2021-04-12 16:38:27,234 INFO 42395 [egg-schedule]: register schedule /gitHub/lian/apr/node_modules/egg-multipart/app/schedule/clean_tmpdir.js
2021-04-12 16:38:27,234 INFO 42395 [egg-schedule]: register schedule /gitHub/lian/apr/node_modules/egg-logrotator/app/schedule/clean_log.js
2021-04-12 16:38:27,234 INFO 42395 [egg-schedule]: register schedule /gitHub/lian/apr/node_modules/egg-logrotator/app/schedule/rotate_by_file.js
2021-04-12 16:38:27,887 INFO 42396 [egg-schedule]: register schedule /gitHub/lian/apr/node_modules/egg-multipart/app/schedule/clean_tmpdir.js
2021-04-12 16:38:27,887 INFO 42396 [egg-schedule]: register schedule /gitHub/lian/apr/node_modules/egg-logrotator/app/schedule/clean_log.js
2021-04-12 16:38:27,887 INFO 42396 [egg-schedule]: register schedule /gitHub/lian/apr/node_modules/egg-logrotator/app/schedule/rotate_by_file.js
2021-04-12 16:38:38,853 INFO 42412 [egg-schedule]: register schedule /gitHub/lian/apr/node_modules/egg-multipart/app/schedule/clean_tmpdir.js
2021-04-12 16:38:38,853 INFO 42412 [egg-schedule]: register schedule /gitHub/lian/apr/node_modules/egg-logrotator/app/schedule/clean_log.js
2021-04-12 16:38:38,853 INFO 42412 [egg-schedule]: register schedule /gitHub/lian/apr/node_modules/egg-logrotator/app/schedule/rotate_by_file.js
2021-04-12 16:38:39,385 INFO 42413 [egg-schedule]: register schedule /gitHub/lian/apr/node_modules/egg-multipart/app/schedule/clean_tmpdir.js
2021-04-12 16:38:39,385 INFO 42413 [egg-schedule]: register schedule /gitHub/lian/apr/node_modules/egg-logrotator/app/schedule/clean_log.js
2021-04-12 16:38:39,385 INFO 42413 [egg-schedule]: register schedule /gitHub/lian/apr/node_modules/egg-logrotator/app/schedule/rotate_by_file.js
2021-04-12 16:43:45,010 INFO 42600 [Timer] /gitHub/lian/apr/node_modules/egg-multipart/app/schedule/clean_tmpdir.js next time will execute after 42374992ms at 2021-04-13 04:30:00.002
2021-04-12 16:43:45,010 INFO 42600 [Timer] /gitHub/lian/apr/node_modules/egg-logrotator/app/schedule/clean_log.js next time will execute after 26174990ms at 2021-04-13 00:00:00.000
2021-04-12 16:43:45,011 INFO 42600 [Timer] /gitHub/lian/apr/node_modules/egg-logrotator/app/schedule/rotate_by_file.js next time will execute after 26175990ms at 2021-04-13 00:00:01.001
2021-04-12 16:43:44,927 INFO 42601 [egg-schedule]: register schedule /gitHub/lian/apr/node_modules/egg-multipart/app/schedule/clean_tmpdir.js
2021-04-12 16:43:44,927 INFO 42601 [egg-schedule]: register schedule /gitHub/lian/apr/node_modules/egg-logrotator/app/schedule/clean_log.js
2021-04-12 16:43:44,927 INFO 42601 [egg-schedule]: register schedule /gitHub/lian/apr/node_modules/egg-logrotator/app/schedule/rotate_by_file.js
2021-04-12 16:44:18,723 INFO 42635 [egg-schedule]: register schedule /gitHub/lian/apr/node_modules/egg-multipart/app/schedule/clean_tmpdir.js
2021-04-12 16:44:18,723 INFO 42635 [egg-schedule]: register schedule /gitHub/lian/apr/node_modules/egg-logrotator/app/schedule/clean_log.js
2021-04-12 16:44:18,723 INFO 42635 [egg-schedule]: register schedule /gitHub/lian/apr/node_modules/egg-logrotator/app/schedule/rotate_by_file.js
2021-04-12 16:44:22,337 INFO 42643 [egg-schedule]: register schedule /gitHub/lian/apr/node_modules/egg-multipart/app/schedule/clean_tmpdir.js
2021-04-12 16:44:22,337 INFO 42643 [egg-schedule]: register schedule /gitHub/lian/apr/node_modules/egg-logrotator/app/schedule/clean_log.js
2021-04-12 16:44:22,337 INFO 42643 [egg-schedule]: register schedule /gitHub/lian/apr/node_modules/egg-logrotator/app/schedule/rotate_by_file.js
2021-04-12 16:44:48,316 INFO 42656 [egg-schedule]: register schedule /gitHub/lian/apr/node_modules/egg-multipart/app/schedule/clean_tmpdir.js
2021-04-12 16:44:48,316 INFO 42656 [egg-schedule]: register schedule /gitHub/lian/apr/node_modules/egg-logrotator/app/schedule/clean_log.js
2021-04-12 16:44:48,316 INFO 42656 [egg-schedule]: register schedule /gitHub/lian/apr/node_modules/egg-logrotator/app/schedule/rotate_by_file.js
2021-04-12 16:44:48,895 INFO 42657 [egg-schedule]: register schedule /gitHub/lian/apr/node_modules/egg-multipart/app/schedule/clean_tmpdir.js
2021-04-12 16:44:48,895 INFO 42657 [egg-schedule]: register schedule /gitHub/lian/apr/node_modules/egg-logrotator/app/schedule/clean_log.js
2021-04-12 16:44:48,895 INFO 42657 [egg-schedule]: register schedule /gitHub/lian/apr/node_modules/egg-logrotator/app/schedule/rotate_by_file.js
2021-04-12 16:45:15,384 INFO 42681 [Timer] /gitHub/lian/apr/node_modules/egg-multipart/app/schedule/clean_tmpdir.js next time will execute after 42284619ms at 2021-04-13 04:30:00.003
2021-04-12 16:45:15,384 INFO 42681 [Timer] /gitHub/lian/apr/node_modules/egg-logrotator/app/schedule/clean_log.js next time will execute after 26084616ms at 2021-04-13 00:00:00.000
2021-04-12 16:45:15,385 INFO 42681 [Timer] /gitHub/lian/apr/node_modules/egg-logrotator/app/schedule/rotate_by_file.js next time will execute after 26085616ms at 2021-04-13 00:00:01.001
2021-04-12 16:45:15,300 INFO 42682 [egg-schedule]: register schedule /gitHub/lian/apr/node_modules/egg-multipart/app/schedule/clean_tmpdir.js
2021-04-12 16:45:15,300 INFO 42682 [egg-schedule]: register schedule /gitHub/lian/apr/node_modules/egg-logrotator/app/schedule/clean_log.js
2021-04-12 16:45:15,300 INFO 42682 [egg-schedule]: register schedule /gitHub/lian/apr/node_modules/egg-logrotator/app/schedule/rotate_by_file.js
2021-04-12 16:46:02,031 INFO 42711 [egg-schedule]: register schedule /gitHub/lian/apr/node_modules/egg-multipart/app/schedule/clean_tmpdir.js
2021-04-12 16:46:02,031 INFO 42711 [egg-schedule]: register schedule /gitHub/lian/apr/node_modules/egg-logrotator/app/schedule/clean_log.js
2021-04-12 16:46:02,031 INFO 42711 [egg-schedule]: register schedule /gitHub/lian/apr/node_modules/egg-logrotator/app/schedule/rotate_by_file.js
2021-04-12 16:46:02,614 INFO 42712 [egg-schedule]: register schedule /gitHub/lian/apr/node_modules/egg-multipart/app/schedule/clean_tmpdir.js
2021-04-12 16:46:02,614 INFO 42712 [egg-schedule]: register schedule /gitHub/lian/apr/node_modules/egg-logrotator/app/schedule/clean_log.js
2021-04-12 16:46:02,614 INFO 42712 [egg-schedule]: register schedule /gitHub/lian/apr/node_modules/egg-logrotator/app/schedule/rotate_by_file.js
2021-04-12 16:49:19,797 INFO 42777 [egg-schedule]: register schedule /gitHub/lian/apr/node_modules/egg-multipart/app/schedule/clean_tmpdir.js
2021-04-12 16:49:19,797 INFO 42777 [egg-schedule]: register schedule /gitHub/lian/apr/node_modules/egg-logrotator/app/schedule/clean_log.js
2021-04-12 16:49:19,797 INFO 42777 [egg-schedule]: register schedule /gitHub/lian/apr/node_modules/egg-logrotator/app/schedule/rotate_by_file.js
2021-04-12 16:49:20,346 INFO 42778 [egg-schedule]: register schedule /gitHub/lian/apr/node_modules/egg-multipart/app/schedule/clean_tmpdir.js
2021-04-12 16:49:20,346 INFO 42778 [egg-schedule]: register schedule /gitHub/lian/apr/node_modules/egg-logrotator/app/schedule/clean_log.js
2021-04-12 16:49:20,346 INFO 42778 [egg-schedule]: register schedule /gitHub/lian/apr/node_modules/egg-logrotator/app/schedule/rotate_by_file.js
2021-04-12 16:51:48,387 INFO 42838 [egg-schedule]: register schedule /gitHub/lian/apr/node_modules/egg-multipart/app/schedule/clean_tmpdir.js
2021-04-12 16:51:48,387 INFO 42838 [egg-schedule]: register schedule /gitHub/lian/apr/node_modules/egg-logrotator/app/schedule/clean_log.js
2021-04-12 16:51:48,388 INFO 42838 [egg-schedule]: register schedule /gitHub/lian/apr/node_modules/egg-logrotator/app/schedule/rotate_by_file.js
2021-04-12 16:53:24,032 INFO 42882 [egg-schedule]: register schedule /gitHub/lian/apr/node_modules/egg-multipart/app/schedule/clean_tmpdir.js
2021-04-12 16:53:24,032 INFO 42882 [egg-schedule]: register schedule /gitHub/lian/apr/node_modules/egg-logrotator/app/schedule/clean_log.js
2021-04-12 16:53:24,032 INFO 42882 [egg-schedule]: register schedule /gitHub/lian/apr/node_modules/egg-logrotator/app/schedule/rotate_by_file.js
2021-04-12 16:54:27,332 INFO 42918 [egg-schedule]: register schedule /gitHub/lian/apr/node_modules/egg-multipart/app/schedule/clean_tmpdir.js
2021-04-12 16:54:27,332 INFO 42918 [egg-schedule]: register schedule /gitHub/lian/apr/node_modules/egg-logrotator/app/schedule/clean_log.js
2021-04-12 16:54:27,332 INFO 42918 [egg-schedule]: register schedule /gitHub/lian/apr/node_modules/egg-logrotator/app/schedule/rotate_by_file.js
2021-04-12 17:01:43,098 INFO 43120 [egg-schedule]: register schedule /gitHub/lian/apr/node_modules/egg-multipart/app/schedule/clean_tmpdir.js
2021-04-12 17:01:43,098 INFO 43120 [egg-schedule]: register schedule /gitHub/lian/apr/node_modules/egg-logrotator/app/schedule/clean_log.js
2021-04-12 17:01:43,098 INFO 43120 [egg-schedule]: register schedule /gitHub/lian/apr/node_modules/egg-logrotator/app/schedule/rotate_by_file.js
2021-04-12 17:01:48,066 INFO 43130 [egg-schedule]: register schedule /gitHub/lian/apr/node_modules/egg-multipart/app/schedule/clean_tmpdir.js
2021-04-12 17:01:48,066 INFO 43130 [egg-schedule]: register schedule /gitHub/lian/apr/node_modules/egg-logrotator/app/schedule/clean_log.js
2021-04-12 17:01:48,066 INFO 43130 [egg-schedule]: register schedule /gitHub/lian/apr/node_modules/egg-logrotator/app/schedule/rotate_by_file.js
2021-04-12 17:02:57,183 INFO 43176 [Timer] /gitHub/lian/apr/node_modules/egg-multipart/app/schedule/clean_tmpdir.js next time will execute after 41222820ms at 2021-04-13 04:30:00.002
2021-04-12 17:02:57,183 INFO 43176 [Timer] /gitHub/lian/apr/node_modules/egg-logrotator/app/schedule/clean_log.js next time will execute after 25022817ms at 2021-04-13 00:00:00.000
2021-04-12 17:02:57,183 INFO 43176 [Timer] /gitHub/lian/apr/node_modules/egg-logrotator/app/schedule/rotate_by_file.js next time will execute after 25023817ms at 2021-04-13 00:00:01.000
2021-04-12 17:02:57,022 INFO 43177 [egg-schedule]: register schedule /gitHub/lian/apr/node_modules/egg-multipart/app/schedule/clean_tmpdir.js
2021-04-12 17:02:57,022 INFO 43177 [egg-schedule]: register schedule /gitHub/lian/apr/node_modules/egg-logrotator/app/schedule/clean_log.js
2021-04-12 17:02:57,022 INFO 43177 [egg-schedule]: register schedule /gitHub/lian/apr/node_modules/egg-logrotator/app/schedule/rotate_by_file.js
2021-04-12 17:03:29,627 INFO 43193 [egg-schedule]: register schedule /gitHub/lian/apr/node_modules/egg-multipart/app/schedule/clean_tmpdir.js
2021-04-12 17:03:29,627 INFO 43193 [egg-schedule]: register schedule /gitHub/lian/apr/node_modules/egg-logrotator/app/schedule/clean_log.js
2021-04-12 17:03:29,627 INFO 43193 [egg-schedule]: register schedule /gitHub/lian/apr/node_modules/egg-logrotator/app/schedule/rotate_by_file.js
2021-04-12 17:03:35,543 INFO 43211 [egg-schedule]: register schedule /gitHub/lian/apr/node_modules/egg-multipart/app/schedule/clean_tmpdir.js
2021-04-12 17:03:35,543 INFO 43211 [egg-schedule]: register schedule /gitHub/lian/apr/node_modules/egg-logrotator/app/schedule/clean_log.js
2021-04-12 17:03:35,543 INFO 43211 [egg-schedule]: register schedule /gitHub/lian/apr/node_modules/egg-logrotator/app/schedule/rotate_by_file.js
2021-04-12 17:03:39,148 INFO 43218 [egg-schedule]: register schedule /gitHub/lian/apr/node_modules/egg-multipart/app/schedule/clean_tmpdir.js
2021-04-12 17:03:39,148 INFO 43218 [egg-schedule]: register schedule /gitHub/lian/apr/node_modules/egg-logrotator/app/schedule/clean_log.js
2021-04-12 17:03:39,148 INFO 43218 [egg-schedule]: register schedule /gitHub/lian/apr/node_modules/egg-logrotator/app/schedule/rotate_by_file.js
2021-04-12 17:04:08,360 INFO 43228 [egg-schedule]: register schedule /gitHub/lian/apr/node_modules/egg-multipart/app/schedule/clean_tmpdir.js
2021-04-12 17:04:08,360 INFO 43228 [egg-schedule]: register schedule /gitHub/lian/apr/node_modules/egg-logrotator/app/schedule/clean_log.js
2021-04-12 17:04:08,360 INFO 43228 [egg-schedule]: register schedule /gitHub/lian/apr/node_modules/egg-logrotator/app/schedule/rotate_by_file.js
2021-04-12 17:07:22,353 INFO 43309 [egg-schedule]: register schedule /gitHub/lian/apr/node_modules/egg-multipart/app/schedule/clean_tmpdir.js
2021-04-12 17:07:22,353 INFO 43309 [egg-schedule]: register schedule /gitHub/lian/apr/node_modules/egg-logrotator/app/schedule/clean_log.js
2021-04-12 17:07:22,353 INFO 43309 [egg-schedule]: register schedule /gitHub/lian/apr/node_modules/egg-logrotator/app/schedule/rotate_by_file.js
2021-04-12 17:07:22,957 INFO 43310 [egg-schedule]: register schedule /gitHub/lian/apr/node_modules/egg-multipart/app/schedule/clean_tmpdir.js
2021-04-12 17:07:22,957 INFO 43310 [egg-schedule]: register schedule /gitHub/lian/apr/node_modules/egg-logrotator/app/schedule/clean_log.js
2021-04-12 17:07:22,957 INFO 43310 [egg-schedule]: register schedule /gitHub/lian/apr/node_modules/egg-logrotator/app/schedule/rotate_by_file.js
2021-04-12 17:07:25,345 INFO 43320 [egg-schedule]: register schedule /gitHub/lian/apr/node_modules/egg-multipart/app/schedule/clean_tmpdir.js
2021-04-12 17:07:25,345 INFO 43320 [egg-schedule]: register schedule /gitHub/lian/apr/node_modules/egg-logrotator/app/schedule/clean_log.js
2021-04-12 17:07:25,345 INFO 43320 [egg-schedule]: register schedule /gitHub/lian/apr/node_modules/egg-logrotator/app/schedule/rotate_by_file.js
2021-04-12 17:08:25,958 INFO 43364 [egg-schedule]: register schedule /gitHub/lian/apr/node_modules/egg-multipart/app/schedule/clean_tmpdir.js
2021-04-12 17:08:25,958 INFO 43364 [egg-schedule]: register schedule /gitHub/lian/apr/node_modules/egg-logrotator/app/schedule/clean_log.js
2021-04-12 17:08:25,958 INFO 43364 [egg-schedule]: register schedule /gitHub/lian/apr/node_modules/egg-logrotator/app/schedule/rotate_by_file.js
2021-04-12 17:08:34,730 INFO 43372 [egg-schedule]: register schedule /gitHub/lian/apr/node_modules/egg-multipart/app/schedule/clean_tmpdir.js
2021-04-12 17:08:34,730 INFO 43372 [egg-schedule]: register schedule /gitHub/lian/apr/node_modules/egg-logrotator/app/schedule/clean_log.js
2021-04-12 17:08:34,730 INFO 43372 [egg-schedule]: register schedule /gitHub/lian/apr/node_modules/egg-logrotator/app/schedule/rotate_by_file.js
2021-04-12 17:08:49,483 INFO 43388 [egg-schedule]: register schedule /gitHub/lian/apr/node_modules/egg-multipart/app/schedule/clean_tmpdir.js
2021-04-12 17:08:49,483 INFO 43388 [egg-schedule]: register schedule /gitHub/lian/apr/node_modules/egg-logrotator/app/schedule/clean_log.js
2021-04-12 17:08:49,483 INFO 43388 [egg-schedule]: register schedule /gitHub/lian/apr/node_modules/egg-logrotator/app/schedule/rotate_by_file.js
2021-04-12 17:13:19,468 INFO 43741 [Timer] /gitHub/lian/apr/node_modules/egg-multipart/app/schedule/clean_tmpdir.js next time will execute after 40600535ms at 2021-04-13 04:30:00.003
2021-04-12 17:13:19,469 INFO 43741 [Timer] /gitHub/lian/apr/node_modules/egg-logrotator/app/schedule/clean_log.js next time will execute after 24400532ms at 2021-04-13 00:00:00.001
2021-04-12 17:13:19,469 INFO 43741 [Timer] /gitHub/lian/apr/node_modules/egg-logrotator/app/schedule/rotate_by_file.js next time will execute after 24401531ms at 2021-04-13 00:00:01.000
2021-04-12 17:13:19,300 INFO 43742 [egg-schedule]: register schedule /gitHub/lian/apr/node_modules/egg-multipart/app/schedule/clean_tmpdir.js
2021-04-12 17:13:19,300 INFO 43742 [egg-schedule]: register schedule /gitHub/lian/apr/node_modules/egg-logrotator/app/schedule/clean_log.js
2021-04-12 17:13:19,300 INFO 43742 [egg-schedule]: register schedule /gitHub/lian/apr/node_modules/egg-logrotator/app/schedule/rotate_by_file.js
2021-04-12 17:14:10,578 INFO 43804 [egg-schedule]: register schedule /gitHub/lian/apr/node_modules/egg-multipart/app/schedule/clean_tmpdir.js
2021-04-12 17:14:10,578 INFO 43804 [egg-schedule]: register schedule /gitHub/lian/apr/node_modules/egg-logrotator/app/schedule/clean_log.js
2021-04-12 17:14:10,578 INFO 43804 [egg-schedule]: register schedule /gitHub/lian/apr/node_modules/egg-logrotator/app/schedule/rotate_by_file.js
2021-04-12 17:14:11,414 INFO 43805 [egg-schedule]: register schedule /gitHub/lian/apr/node_modules/egg-multipart/app/schedule/clean_tmpdir.js
2021-04-12 17:14:11,414 INFO 43805 [egg-schedule]: register schedule /gitHub/lian/apr/node_modules/egg-logrotator/app/schedule/clean_log.js
2021-04-12 17:14:11,414 INFO 43805 [egg-schedule]: register schedule /gitHub/lian/apr/node_modules/egg-logrotator/app/schedule/rotate_by_file.js
2021-04-12 17:16:22,379 INFO 43882 [egg-schedule]: register schedule /gitHub/lian/apr/node_modules/egg-multipart/app/schedule/clean_tmpdir.js
2021-04-12 17:16:22,379 INFO 43882 [egg-schedule]: register schedule /gitHub/lian/apr/node_modules/egg-logrotator/app/schedule/clean_log.js
2021-04-12 17:16:22,379 INFO 43882 [egg-schedule]: register schedule /gitHub/lian/apr/node_modules/egg-logrotator/app/schedule/rotate_by_file.js
2021-04-12 17:19:00,427 INFO 43938 [egg-schedule]: register schedule /gitHub/lian/apr/node_modules/egg-multipart/app/schedule/clean_tmpdir.js
2021-04-12 17:19:00,427 INFO 43938 [egg-schedule]: register schedule /gitHub/lian/apr/node_modules/egg-logrotator/app/schedule/clean_log.js
2021-04-12 17:19:00,427 INFO 43938 [egg-schedule]: register schedule /gitHub/lian/apr/node_modules/egg-logrotator/app/schedule/rotate_by_file.js
2021-04-13 10:24:00,651 INFO 57111 [Timer] /gitHub/lian/examples/node/apr-example/node_modules/egg-multipart/app/schedule/clean_tmpdir.js next time will execute after 65159353ms at 2021-04-14 04:30:00.004
2021-04-13 10:24:00,651 INFO 57111 [Timer] /gitHub/lian/examples/node/apr-example/node_modules/egg-logrotator/app/schedule/clean_log.js next time will execute after 48959349ms at 2021-04-14 00:00:00.000
2021-04-13 10:24:00,651 INFO 57111 [Timer] /gitHub/lian/examples/node/apr-example/node_modules/egg-logrotator/app/schedule/rotate_by_file.js next time will execute after 48960349ms at 2021-04-14 00:00:01.000
2021-04-13 10:24:00,445 INFO 57112 [egg-schedule]: register schedule /gitHub/lian/examples/node/apr-example/node_modules/egg-multipart/app/schedule/clean_tmpdir.js
2021-04-13 10:24:00,445 INFO 57112 [egg-schedule]: register schedule /gitHub/lian/examples/node/apr-example/node_modules/egg-logrotator/app/schedule/clean_log.js
2021-04-13 10:24:00,445 INFO 57112 [egg-schedule]: register schedule /gitHub/lian/examples/node/apr-example/node_modules/egg-logrotator/app/schedule/rotate_by_file.js
